<?xml version="1.0" encoding="UTF-8"?>
<testng-results ignored="0" total="5" passed="5" failed="0" skipped="0">
  <reporter-output>
  </reporter-output>
  <suite started-at="2022-09-21T16:00:48 IST" name="Default suite" finished-at="2022-09-21T16:01:12 IST" duration-ms="23888">
    <groups>
    </groups>
    <test started-at="2022-09-21T16:00:48 IST" name="Default test" finished-at="2022-09-21T16:01:12 IST" duration-ms="23888">
      <class name="Seleniumbasics.Dataprovider">
        <test-method signature="f(java.lang.String,java.lang.String)[pri:0, instance:Seleniumbasics.Dataprovider@7c711375]" started-at="2022-09-21T16:00:48 IST" name="f" data-provider="dp" finished-at="2022-09-21T16:00:54 IST" duration-ms="5988" status="PASS">
          <params>
            <param index="0">
              <value>
                <![CDATA[bcdbdsjsb@gmail.com]]>
              </value>
            </param>
            <param index="1">
              <value>
                <![CDATA[dhanu]]>
              </value>
            </param>
          </params>
          <reporter-output>
          </reporter-output>
        </test-method> <!-- f -->
        <test-method signature="f(java.lang.String,java.lang.String)[pri:0, instance:Seleniumbasics.Dataprovider@7c711375]" started-at="2022-09-21T16:00:54 IST" name="f" data-provider="dp" finished-at="2022-09-21T16:00:59 IST" duration-ms="4530" status="PASS">
          <params>
            <param index="0">
              <value>
                <![CDATA[bcdbdsgsb@gmail.com]]>
              </value>
            </param>
            <param index="1">
              <value>
                <![CDATA[faddfdf]]>
              </value>
            </param>
          </params>
          <reporter-output>
          </reporter-output>
        </test-method> <!-- f -->
        <test-method signature="f(java.lang.String,java.lang.String)[pri:0, instance:Seleniumbasics.Dataprovider@7c711375]" started-at="2022-09-21T16:00:59 IST" name="f" data-provider="dp" finished-at="2022-09-21T16:01:03 IST" duration-ms="4527" status="PASS">
          <params>
            <param index="0">
              <value>
                <![CDATA[bcdbdsjb@gmail.com]]>
              </value>
            </param>
            <param index="1">
              <value>
                <![CDATA[dhanubgb]]>
              </value>
            </param>
          </params>
          <reporter-output>
          </reporter-output>
        </test-method> <!-- f -->
        <test-method signature="f(java.lang.String,java.lang.String)[pri:0, instance:Seleniumbasics.Dataprovider@7c711375]" started-at="2022-09-21T16:01:03 IST" name="f" data-provider="dp" finished-at="2022-09-21T16:01:08 IST" duration-ms="4401" status="PASS">
          <params>
            <param index="0">
              <value>
                <![CDATA[bhgdbdsjsb@gmail.com]]>
              </value>
            </param>
            <param index="1">
              <value>
                <![CDATA[dhanukj]]>
              </value>
            </param>
          </params>
          <reporter-output>
          </reporter-output>
        </test-method> <!-- f -->
        <test-method signature="f(java.lang.String,java.lang.String)[pri:0, instance:Seleniumbasics.Dataprovider@7c711375]" started-at="2022-09-21T16:01:08 IST" name="f" data-provider="dp" finished-at="2022-09-21T16:01:12 IST" duration-ms="4387" status="PASS">
          <params>
            <param index="0">
              <value>
                <![CDATA[bcdbdsjjb@gmail.com]]>
              </value>
            </param>
            <param index="1">
              <value>
                <![CDATA[dhanuj]]>
              </value>
            </param>
          </params>
          <reporter-output>
          </reporter-output>
        </test-method> <!-- f -->
      </class> <!-- Seleniumbasics.Dataprovider -->
    </test> <!-- Default test -->
  </suite> <!-- Default suite -->
</testng-results>
