<?xml version="1.0" encoding="UTF-8"?>
<testng-results ignored="0" total="9" passed="9" failed="0" skipped="0">
  <reporter-output>
  </reporter-output>
  <suite started-at="2022-09-20T11:26:30 IST" name="Default suite" finished-at="2022-09-20T11:27:22 IST" duration-ms="52013">
    <groups>
    </groups>
    <test started-at="2022-09-20T11:26:30 IST" name="Default test" finished-at="2022-09-20T11:27:22 IST" duration-ms="52013">
      <class name="SeleniumTestng.testcase2">
        <test-method is-config="true" signature="beforeClass()[pri:0, instance:SeleniumTestng.testcase2@73e9cf30]" started-at="2022-09-20T11:26:30 IST" name="beforeClass" finished-at="2022-09-20T11:26:42 IST" duration-ms="11664" status="PASS">
          <reporter-output>
          </reporter-output>
        </test-method> <!-- beforeClass -->
        <test-method signature="TC_001()[pri:0, instance:SeleniumTestng.testcase2@73e9cf30]" started-at="2022-09-20T11:26:42 IST" name="TC_001" finished-at="2022-09-20T11:26:44 IST" duration-ms="2332" status="PASS">
          <reporter-output>
          </reporter-output>
        </test-method> <!-- TC_001 -->
        <test-method signature="TC_002()[pri:0, instance:SeleniumTestng.testcase2@73e9cf30]" started-at="2022-09-20T11:26:44 IST" name="TC_002" finished-at="2022-09-20T11:26:49 IST" duration-ms="5214" status="PASS">
          <reporter-output>
          </reporter-output>
        </test-method> <!-- TC_002 -->
        <test-method signature="TC_003()[pri:0, instance:SeleniumTestng.testcase2@73e9cf30]" started-at="2022-09-20T11:26:49 IST" name="TC_003" finished-at="2022-09-20T11:26:54 IST" duration-ms="5178" status="PASS">
          <reporter-output>
          </reporter-output>
        </test-method> <!-- TC_003 -->
        <test-method signature="TC_004()[pri:0, instance:SeleniumTestng.testcase2@73e9cf30]" started-at="2022-09-20T11:26:54 IST" name="TC_004" finished-at="2022-09-20T11:27:00 IST" duration-ms="5245" status="PASS">
          <reporter-output>
          </reporter-output>
        </test-method> <!-- TC_004 -->
        <test-method signature="TC_005()[pri:0, instance:SeleniumTestng.testcase2@73e9cf30]" started-at="2022-09-20T11:27:00 IST" name="TC_005" finished-at="2022-09-20T11:27:05 IST" duration-ms="5305" status="PASS">
          <reporter-output>
          </reporter-output>
        </test-method> <!-- TC_005 -->
        <test-method signature="TC_006()[pri:0, instance:SeleniumTestng.testcase2@73e9cf30]" started-at="2022-09-20T11:27:05 IST" name="TC_006" finished-at="2022-09-20T11:27:10 IST" duration-ms="5335" status="PASS">
          <reporter-output>
          </reporter-output>
        </test-method> <!-- TC_006 -->
        <test-method signature="TC_007()[pri:0, instance:SeleniumTestng.testcase2@73e9cf30]" started-at="2022-09-20T11:27:10 IST" name="TC_007" finished-at="2022-09-20T11:27:16 IST" duration-ms="5437" status="PASS">
          <reporter-output>
          </reporter-output>
        </test-method> <!-- TC_007 -->
        <test-method signature="TC_008()[pri:0, instance:SeleniumTestng.testcase2@73e9cf30]" started-at="2022-09-20T11:27:16 IST" name="TC_008" finished-at="2022-09-20T11:27:16 IST" duration-ms="13" status="PASS">
          <reporter-output>
          </reporter-output>
        </test-method> <!-- TC_008 -->
        <test-method signature="TC_009()[pri:0, instance:SeleniumTestng.testcase2@73e9cf30]" started-at="2022-09-20T11:27:16 IST" name="TC_009" finished-at="2022-09-20T11:27:22 IST" duration-ms="5914" status="PASS">
          <reporter-output>
          </reporter-output>
        </test-method> <!-- TC_009 -->
        <test-method is-config="true" signature="afterClass()[pri:0, instance:SeleniumTestng.testcase2@73e9cf30]" started-at="2022-09-20T11:27:22 IST" name="afterClass" finished-at="2022-09-20T11:27:22 IST" duration-ms="325" status="PASS">
          <reporter-output>
          </reporter-output>
        </test-method> <!-- afterClass -->
      </class> <!-- SeleniumTestng.testcase2 -->
    </test> <!-- Default test -->
  </suite> <!-- Default suite -->
</testng-results>
