<?xml version="1.0" encoding="UTF-8"?>
<!-- Generated by org.testng.reporters.JUnitXMLReporter -->
<testsuite ignored="0" hostname="LAPTOP-8T1NEQUC" failures="0" tests="5" name="Default test" time="23.888" errors="0" timestamp="2022-09-21T16:01:12 IST">
  <testcase classname="Seleniumbasics.Dataprovider" name="f" time="5.988"/>
  <testcase classname="Seleniumbasics.Dataprovider" name="f" time="4.53"/>
  <testcase classname="Seleniumbasics.Dataprovider" name="f" time="4.527"/>
  <testcase classname="Seleniumbasics.Dataprovider" name="f" time="4.401"/>
  <testcase classname="Seleniumbasics.Dataprovider" name="f" time="4.387"/>
</testsuite> <!-- Default test -->
